<?xml version="1.0" encoding="UTF-8"?>
<TestRun id="9d8c6bf0-3a38-4887-89d6-f55301039eb9" name="Admin@KARENTRACYMACHI 2012-10-19 13:35:30" runUser="KARENTRACYMACHI\Admin" xmlns="http://microsoft.com/schemas/VisualStudio/TeamTest/2010">
  <TestSettings name="Local" id="8e0e5cd3-0c4c-4761-8b83-04fd54ece4f9">
    <Description>These are default test settings for a local test run.</Description>
    <Deployment enabled="false" runDeploymentRoot="Admin_KARENTRACYMACHI 2012-10-19 13_35_30">
      <DeploymentItem filename="C:\Projects\OrderLoader\Data\bin\Debug\Data.dll" />
    </Deployment>
    <Execution>
      <TestTypeSpecific />
      <AgentRule name="Execution Agents">
      </AgentRule>
    </Execution>
  </TestSettings>
  <Times creation="2012-10-19T13:35:30.5000000-04:00" queuing="2012-10-19T13:35:30.7656250-04:00" start="2012-10-19T13:35:30.8125000-04:00" finish="2012-10-19T13:35:31.8125000-04:00" />
  <ResultSummary outcome="Failed">
    <Counters total="1" executed="1" error="0" failed="1" timeout="0" aborted="0" inconclusive="0" passedButRunAborted="0" notRunnable="0" notExecuted="0" disconnected="0" warning="0" passed="0" completed="0" inProgress="0" pending="0" />
  </ResultSummary>
  <TestDefinitions>
    <UnitTest name="TestMethod1" storage="c:\projects\orderloader\orderloadertest\bin\debug\orderloadertest.dll" id="13dc4ab8-055c-3371-84d5-bdb0423f0f67">
      <Execution id="e8d49075-8cda-47c1-bd59-790eddd41cb0" />
      <TestMethod codeBase="C:/Projects/OrderLoader/OrderLoaderTest/bin/Debug/OrderLoaderTest.DLL" adapterTypeName="Microsoft.VisualStudio.TestTools.TestTypes.Unit.UnitTestAdapter, Microsoft.VisualStudio.QualityTools.Tips.UnitTest.Adapter, Version=10.0.0.0, Culture=neutral, PublicKeyToken=b03f5f7f11d50a3a" className="OrderLoaderTest.UnitTest1, OrderLoaderTest, Version=1.0.0.0, Culture=neutral, PublicKeyToken=null" name="TestMethod1" />
    </UnitTest>
  </TestDefinitions>
  <TestLists>
    <TestList name="Results Not in a List" id="8c84fa94-04c1-424b-9868-57a2d4851a1d" />
    <TestList name="All Loaded Results" id="19431567-8539-422a-85d7-44ee4e166bda" />
  </TestLists>
  <TestEntries>
    <TestEntry testId="13dc4ab8-055c-3371-84d5-bdb0423f0f67" executionId="e8d49075-8cda-47c1-bd59-790eddd41cb0" testListId="8c84fa94-04c1-424b-9868-57a2d4851a1d" />
  </TestEntries>
  <Results>
    <UnitTestResult executionId="e8d49075-8cda-47c1-bd59-790eddd41cb0" testId="13dc4ab8-055c-3371-84d5-bdb0423f0f67" testName="TestMethod1" computerName="KARENTRACYMACHI" duration="00:00:00.6688908" startTime="2012-10-19T13:35:30.8125000-04:00" endTime="2012-10-19T13:35:31.7500000-04:00" testType="13cdc9d9-ddb5-4fa4-a97d-d965ccfc6d4b" outcome="Failed" testListId="8c84fa94-04c1-424b-9868-57a2d4851a1d" relativeResultsDirectory="e8d49075-8cda-47c1-bd59-790eddd41cb0">
      <Output>
        <ErrorInfo>
          <Message>Test method OrderLoaderTest.UnitTest1.TestMethod1 threw exception: 
System.ArgumentException: The specified named connection is either not found in the configuration, not intended to be used with the EntityClient provider, or not valid.</Message>
          <StackTrace>    at System.Data.EntityClient.EntityConnection.ChangeConnectionString(String newConnectionString)
   at System.Data.EntityClient.EntityConnection..ctor(String connectionString)
   at System.Data.Objects.ObjectContext.CreateEntityConnection(String connectionString)
   at System.Data.Objects.ObjectContext..ctor(String connectionString, String defaultContainerName)
   at Data.QSPCanadaOrderManagementEntities..ctor() in C:\Projects\OrderLoader\Data\OrderModel.Context.cs:line 32
   at OrderLoaderTest.UnitTest1.TestMethod1() in C:\Projects\OrderLoader\OrderLoaderTest\UnitTest1.cs:line 19
</StackTrace>
        </ErrorInfo>
      </Output>
    </UnitTestResult>
  </Results>
</TestRun>